<?xml version="1.0" encoding="UTF-8"?>
<!-- Generated by org.testng.reporters.JUnitXMLReporter -->
<testsuite ignored="0" hostname="DTBLR01LP207" failures="0" tests="12" name="Test" time="57.935" errors="0" timestamp="2023-09-05T10:50:22 IST">
  <testcase classname="testcases.alerts_frame_windowns" name="alert" time="17.721">
    <skipped/>
  </testcase> <!-- alert -->
  <testcase classname="testcases.alerts_frame_windowns" name="alert" time="2.833">
    <skipped/>
  </testcase> <!-- alert -->
  <testcase classname="testcases.alerts_frame_windowns" name="alert" time="7.916"/>
  <testcase classname="testcases.alerts_frame_windowns" name="frames" time="6.665"/>
  <testcase classname="testcases.alerts_frame_windowns" name="nested_frames" time="3.471"/>
  <testcase classname="testcases.alerts_frame_windowns" name="windowhandling" time="1.121"/>
  <testcase classname="testcases.alerts_frame_windowns" name="slider" time="4.004"/>
  <testcase classname="testcases.Toolsqa_elements" name="textbox" time="3.386"/>
  <testcase classname="testcases.Toolsqa_elements" name="checkbox" time="0.769"/>
  <testcase classname="testcases.Toolsqa_elements" name="radiobutton" time="0.388"/>
  <testcase classname="testcases.Toolsqa_elements" name="webtables" time="1.18"/>
  <testcase classname="testcases.Toolsqa_elements" name="buttons" time="0.779"/>
</testsuite> <!-- Test -->
